{"name": "Создание курьера", "status": "failed", "statusDetails": {"message": "AssertionError: assert (400 == 201)\n +  where 400 = <Response [400]>.status_code\n +  and   201 = <HTTPStatus.CREATED: 201>.value\n +    where <HTTPStatus.CREATED: 201> = HTTPStatus.CREATED", "trace": "self = <tests.test_create_courier.TestCreateCourier object at 0x00000217C06EFC80>\n\n    @allure.title('Создание курьера')\n    def test_create_courier(self):\n        response_body = '{\"ok\":true}'\n        response = ApiPage.test_create_courier(self)\n>       assert response.status_code == HTTPStatus.CREATED.value and response.text == response_body\nE       assert (400 == 201)\nE        +  where 400 = <Response [400]>.status_code\nE        +  and   201 = <HTTPStatus.CREATED: 201>.value\nE        +    where <HTTPStatus.CREATED: 201> = HTTPStatus.CREATED\n\ntests\\test_create_courier.py:11: AssertionError"}, "start": 1719853458059, "stop": 1719853458150, "uuid": "a1a63af0-7728-4792-b2b1-da27bc6bacbe", "historyId": "72336201213e1c247212ca36a7229695", "testCaseId": "72336201213e1c247212ca36a7229695", "fullName": "tests.test_create_courier.TestCreateCourier#test_create_courier", "labels": [{"name": "parentSuite", "value": "tests"}, {"name": "suite", "value": "test_create_courier"}, {"name": "subSuite", "value": "TestCreateCourier"}, {"name": "host", "value": "DESKTOP-UBJ37DP"}, {"name": "thread", "value": "6476-MainThread"}, {"name": "framework", "value": "pytest"}, {"name": "language", "value": "cpython3"}, {"name": "package", "value": "tests.test_create_courier"}]}